{"total": {"lines":{"total":2544,"covered":541,"skipped":0,"pct":21.26},"statements":{"total":2544,"covered":541,"skipped":0,"pct":21.26},"functions":{"total":41,"covered":2,"skipped":0,"pct":4.87},"branches":{"total":5,"covered":2,"skipped":0,"pct":40},"branchesTrue":{"total":0,"covered":0,"skipped":0,"pct":100}}
,"/Users/mint/Desktop/sherry-wen-2024-phase-2/frontend/postcss.config.js": {"lines":{"total":6,"covered":0,"skipped":0,"pct":0},"functions":{"total":1,"covered":0,"skipped":0,"pct":0},"statements":{"total":6,"covered":0,"skipped":0,"pct":0},"branches":{"total":1,"covered":0,"skipped":0,"pct":0}}
,"/Users/mint/Desktop/sherry-wen-2024-phase-2/frontend/tailwind.config.js": {"lines":{"total":11,"covered":0,"skipped":0,"pct":0},"functions":{"total":1,"covered":0,"skipped":0,"pct":0},"statements":{"total":11,"covered":0,"skipped":0,"pct":0},"branches":{"total":1,"covered":0,"skipped":0,"pct":0}}
,"/Users/mint/Desktop/sherry-wen-2024-phase-2/frontend/src/App.tsx": {"lines":{"total":29,"covered":29,"skipped":0,"pct":100},"functions":{"total":1,"covered":1,"skipped":0,"pct":100},"statements":{"total":29,"covered":29,"skipped":0,"pct":100},"branches":{"total":1,"covered":1,"skipped":0,"pct":100}}
,"/Users/mint/Desktop/sherry-wen-2024-phase-2/frontend/src/ErrorPage.tsx": {"lines":{"total":13,"covered":1,"skipped":0,"pct":7.69},"functions":{"total":1,"covered":0,"skipped":0,"pct":0},"statements":{"total":13,"covered":1,"skipped":0,"pct":7.69},"branches":{"total":0,"covered":0,"skipped":0,"pct":100}}
,"/Users/mint/Desktop/sherry-wen-2024-phase-2/frontend/src/main.tsx": {"lines":{"total":4,"covered":0,"skipped":0,"pct":0},"functions":{"total":1,"covered":0,"skipped":0,"pct":0},"statements":{"total":4,"covered":0,"skipped":0,"pct":0},"branches":{"total":1,"covered":0,"skipped":0,"pct":0}}
,"/Users/mint/Desktop/sherry-wen-2024-phase-2/frontend/src/api/UserInfoAPI.ts": {"lines":{"total":42,"covered":5,"skipped":0,"pct":11.9},"functions":{"total":4,"covered":0,"skipped":0,"pct":0},"statements":{"total":42,"covered":5,"skipped":0,"pct":11.9},"branches":{"total":0,"covered":0,"skipped":0,"pct":100}}
,"/Users/mint/Desktop/sherry-wen-2024-phase-2/frontend/src/pages/CraftPage/CraftPage.tsx": {"lines":{"total":159,"covered":10,"skipped":0,"pct":6.28},"functions":{"total":1,"covered":0,"skipped":0,"pct":0},"statements":{"total":159,"covered":10,"skipped":0,"pct":6.28},"branches":{"total":0,"covered":0,"skipped":0,"pct":100}}
,"/Users/mint/Desktop/sherry-wen-2024-phase-2/frontend/src/pages/CraftPage/CraftPageContainer.tsx": {"lines":{"total":7,"covered":3,"skipped":0,"pct":42.85},"functions":{"total":1,"covered":0,"skipped":0,"pct":0},"statements":{"total":7,"covered":3,"skipped":0,"pct":42.85},"branches":{"total":0,"covered":0,"skipped":0,"pct":100}}
,"/Users/mint/Desktop/sherry-wen-2024-phase-2/frontend/src/pages/CraftPage/editorComponents/CraftPageHeader.tsx": {"lines":{"total":191,"covered":15,"skipped":0,"pct":7.85},"functions":{"total":1,"covered":0,"skipped":0,"pct":0},"statements":{"total":191,"covered":15,"skipped":0,"pct":7.85},"branches":{"total":0,"covered":0,"skipped":0,"pct":100}}
,"/Users/mint/Desktop/sherry-wen-2024-phase-2/frontend/src/pages/CraftPage/editorComponents/SettingsPanel.tsx": {"lines":{"total":98,"covered":4,"skipped":0,"pct":4.08},"functions":{"total":1,"covered":0,"skipped":0,"pct":0},"statements":{"total":98,"covered":4,"skipped":0,"pct":4.08},"branches":{"total":0,"covered":0,"skipped":0,"pct":100}}
,"/Users/mint/Desktop/sherry-wen-2024-phase-2/frontend/src/pages/CraftPage/editorComponents/Toolbox.tsx": {"lines":{"total":187,"covered":16,"skipped":0,"pct":8.55},"functions":{"total":1,"covered":0,"skipped":0,"pct":0},"statements":{"total":187,"covered":16,"skipped":0,"pct":8.55},"branches":{"total":0,"covered":0,"skipped":0,"pct":100}}
,"/Users/mint/Desktop/sherry-wen-2024-phase-2/frontend/src/pages/CraftPage/pageComponents/componentDefaultStyle.js": {"lines":{"total":20,"covered":20,"skipped":0,"pct":100},"functions":{"total":0,"covered":0,"skipped":0,"pct":100},"statements":{"total":20,"covered":20,"skipped":0,"pct":100},"branches":{"total":0,"covered":0,"skipped":0,"pct":100}}
,"/Users/mint/Desktop/sherry-wen-2024-phase-2/frontend/src/pages/CraftPage/pageComponents/exportComponents.js": {"lines":{"total":13,"covered":13,"skipped":0,"pct":100},"functions":{"total":0,"covered":0,"skipped":0,"pct":100},"statements":{"total":13,"covered":13,"skipped":0,"pct":100},"branches":{"total":0,"covered":0,"skipped":0,"pct":100}}
,"/Users/mint/Desktop/sherry-wen-2024-phase-2/frontend/src/pages/CraftPage/pageComponents/CustomizedComponent/Card/Card.tsx": {"lines":{"total":44,"covered":19,"skipped":0,"pct":43.18},"functions":{"total":3,"covered":0,"skipped":0,"pct":0},"statements":{"total":44,"covered":19,"skipped":0,"pct":43.18},"branches":{"total":0,"covered":0,"skipped":0,"pct":100}}
,"/Users/mint/Desktop/sherry-wen-2024-phase-2/frontend/src/pages/CraftPage/pageComponents/CustomizedComponent/Text/Text.tsx": {"lines":{"total":184,"covered":23,"skipped":0,"pct":12.5},"functions":{"total":2,"covered":0,"skipped":0,"pct":0},"statements":{"total":184,"covered":23,"skipped":0,"pct":12.5},"branches":{"total":0,"covered":0,"skipped":0,"pct":100}}
,"/Users/mint/Desktop/sherry-wen-2024-phase-2/frontend/src/pages/CraftPage/pageComponents/muiElements/Container/Container.tsx": {"lines":{"total":91,"covered":18,"skipped":0,"pct":19.78},"functions":{"total":2,"covered":0,"skipped":0,"pct":0},"statements":{"total":91,"covered":18,"skipped":0,"pct":19.78},"branches":{"total":0,"covered":0,"skipped":0,"pct":100}}
,"/Users/mint/Desktop/sherry-wen-2024-phase-2/frontend/src/pages/CraftPage/pageComponents/muiElements/MaterialButton/MaterialButton.tsx": {"lines":{"total":233,"covered":21,"skipped":0,"pct":9.01},"functions":{"total":2,"covered":0,"skipped":0,"pct":0},"statements":{"total":233,"covered":21,"skipped":0,"pct":9.01},"branches":{"total":0,"covered":0,"skipped":0,"pct":100}}
,"/Users/mint/Desktop/sherry-wen-2024-phase-2/frontend/src/pages/CraftPage/pageComponents/muiElements/MaterialChip/MaterialChip.tsx": {"lines":{"total":178,"covered":18,"skipped":0,"pct":10.11},"functions":{"total":2,"covered":0,"skipped":0,"pct":0},"statements":{"total":178,"covered":18,"skipped":0,"pct":10.11},"branches":{"total":0,"covered":0,"skipped":0,"pct":100}}
,"/Users/mint/Desktop/sherry-wen-2024-phase-2/frontend/src/pages/CraftPage/pageComponents/muiElements/MaterialRating/MaterialRating.tsx": {"lines":{"total":207,"covered":26,"skipped":0,"pct":12.56},"functions":{"total":2,"covered":0,"skipped":0,"pct":0},"statements":{"total":207,"covered":26,"skipped":0,"pct":12.56},"branches":{"total":0,"covered":0,"skipped":0,"pct":100}}
,"/Users/mint/Desktop/sherry-wen-2024-phase-2/frontend/src/pages/CraftPage/pageComponents/muiElements/MaterialSelect/MaterialSelect.tsx": {"lines":{"total":230,"covered":24,"skipped":0,"pct":10.43},"functions":{"total":2,"covered":0,"skipped":0,"pct":0},"statements":{"total":230,"covered":24,"skipped":0,"pct":10.43},"branches":{"total":0,"covered":0,"skipped":0,"pct":100}}
,"/Users/mint/Desktop/sherry-wen-2024-phase-2/frontend/src/pages/CraftPage/pageComponents/muiElements/MaterialSwitch/MaterialSwitch.tsx": {"lines":{"total":179,"covered":21,"skipped":0,"pct":11.73},"functions":{"total":2,"covered":0,"skipped":0,"pct":0},"statements":{"total":179,"covered":21,"skipped":0,"pct":11.73},"branches":{"total":0,"covered":0,"skipped":0,"pct":100}}
,"/Users/mint/Desktop/sherry-wen-2024-phase-2/frontend/src/pages/CraftPage/pageComponents/muiElements/MaterialTextField/MaterialTextField.tsx": {"lines":{"total":157,"covered":19,"skipped":0,"pct":12.1},"functions":{"total":2,"covered":0,"skipped":0,"pct":0},"statements":{"total":157,"covered":19,"skipped":0,"pct":12.1},"branches":{"total":0,"covered":0,"skipped":0,"pct":100}}
,"/Users/mint/Desktop/sherry-wen-2024-phase-2/frontend/src/pages/HomePage/HomePage.tsx": {"lines":{"total":223,"covered":200,"skipped":0,"pct":89.68},"functions":{"total":5,"covered":1,"skipped":0,"pct":20},"statements":{"total":223,"covered":200,"skipped":0,"pct":89.68},"branches":{"total":1,"covered":1,"skipped":0,"pct":100}}
,"/Users/mint/Desktop/sherry-wen-2024-phase-2/frontend/src/store/store.ts": {"lines":{"total":10,"covered":10,"skipped":0,"pct":100},"functions":{"total":0,"covered":0,"skipped":0,"pct":100},"statements":{"total":10,"covered":10,"skipped":0,"pct":100},"branches":{"total":0,"covered":0,"skipped":0,"pct":100}}
,"/Users/mint/Desktop/sherry-wen-2024-phase-2/frontend/src/store/reducer/editableReducer.ts": {"lines":{"total":12,"covered":12,"skipped":0,"pct":100},"functions":{"total":2,"covered":0,"skipped":0,"pct":0},"statements":{"total":12,"covered":12,"skipped":0,"pct":100},"branches":{"total":0,"covered":0,"skipped":0,"pct":100}}
,"/Users/mint/Desktop/sherry-wen-2024-phase-2/frontend/src/store/reducer/loggedinUserInfoReducer.ts": {"lines":{"total":16,"covered":14,"skipped":0,"pct":87.5},"functions":{"total":1,"covered":0,"skipped":0,"pct":0},"statements":{"total":16,"covered":14,"skipped":0,"pct":87.5},"branches":{"total":0,"covered":0,"skipped":0,"pct":100}}
}
